<?xml version="1.0" encoding="UTF-8"?>
<!-- Generated by org.testng.reporters.JUnitReportReporter -->
<testsuite hostname="DESKTOP-KU8UC7G" failures="0" tests="1" name="com.learnautomation.hybrid.testcases.Demo1" time="0.007" errors="0" timestamp="2021-11-29T05:30:00 IST" skipped="0">
  <testcase classname="com.learnautomation.hybrid.testcases.Demo1" name="demoTest" time="0.007"/>
  <system-out/>
</testsuite> <!-- com.learnautomation.hybrid.testcases.Demo1 -->
