<?xml version="1.0" encoding="UTF-8"?>
<!-- Generated by org.testng.reporters.JUnitReportReporter -->
<testsuite hostname="DESKTOP-KU8UC7G" failures="0" tests="1" name="com.learnautomation.hybrid.unittest.BrowserTest" time="15.850" errors="0" timestamp="2021-11-14T03:52:42 IST" skipped="0">
  <testcase classname="com.learnautomation.hybrid.unittest.BrowserTest" name="testBrowser" time="15.850"/>
  <system-out/>
</testsuite> <!-- com.learnautomation.hybrid.unittest.BrowserTest -->
